INFO     01op12d.ms3 -- Attempting to parse 01op12d.mscx
WARNING  01op12d.ms3 -- Event 300 in MC 260 has has duration 1/2 and starts on 1, surpassing the measure length of 1
WARNING  01op12d.ms3 -- Event 301 in MC 260 has has duration 1/2 and starts on 3/2, surpassing the measure length of 1
WARNING  01op12d.ms3 -- Event 322 in MC 262 has has duration 1/2 and starts on 1, surpassing the measure length of 1
WARNING  01op12d.ms3 -- Event 323 in MC 262 has has duration 1/2 and starts on 3/2, surpassing the measure length of 1
WARNING  01op12d.ms3 -- Event 341 in MC 264 has has duration 1/2 and starts on 1, surpassing the measure length of 1
WARNING  01op12d.ms3 -- Event 342 in MC 264 has has duration 1/2 and starts on 3/2, surpassing the measure length of 1
WARNING  01op12d.ms3 -- Event 350 in MC 265 has has duration 1/2 and starts on 1, surpassing the measure length of 1
WARNING  01op12d.ms3 -- Event 351 in MC 265 has has duration 1/2 and starts on 3/2, surpassing the measure length of 1
WARNING  01op12d.ms3 -- Event 370 in MC 267 has has duration 1/2 and starts on 1, surpassing the measure length of 1
WARNING  01op12d.ms3 -- Event 371 in MC 267 has has duration 1/2 and starts on 3/2, surpassing the measure length of 1
WARNING  01op12d.ms3 -- Event 390 in MC 269 has has duration 1/2 and starts on 1, surpassing the measure length of 1
WARNING  01op12d.ms3 -- Event 391 in MC 269 has has duration 1/2 and starts on 3/2, surpassing the measure length of 1
WARNING  01op12d.ms3 -- Event 415 in MC 272 has has duration 1/8 and starts on 1, surpassing the measure length of 1
WARNING  01op12d.ms3 -- Event 416 in MC 272 has has duration 1/8 and starts on 9/8, surpassing the measure length of 1
WARNING  01op12d.ms3 -- Event 417 in MC 272 has has duration 1/8 and starts on 5/4, surpassing the measure length of 1
WARNING  01op12d.ms3 -- Event 418 in MC 272 has has duration 1/8 and starts on 11/8, surpassing the measure length of 1
WARNING  01op12d.ms3 -- Event 484 in MC 276 has has duration 1/2 and starts on 1, surpassing the measure length of 1
WARNING  01op12d.ms3 -- Event 485 in MC 276 has has duration 1/2 and starts on 1, surpassing the measure length of 1
WARNING  01op12d.ms3 -- Event 486 in MC 276 has has duration 1/2 and starts on 3/2, surpassing the measure length of 1
WARNING  01op12d.ms3 -- Event 487 in MC 276 has has duration 1/2 and starts on 3/2, surpassing the measure length of 1
WARNING  01op12d.ms3 -- Event 499 in MC 277 has has duration 1/2 and starts on 1, surpassing the measure length of 1
WARNING  01op12d.ms3 -- Event 500 in MC 277 has has duration 1/2 and starts on 1, surpassing the measure length of 1
WARNING  01op12d.ms3 -- Event 501 in MC 277 has has duration 1/2 and starts on 3/2, surpassing the measure length of 1
WARNING  01op12d.ms3 -- Event 502 in MC 277 has has duration 1/2 and starts on 3/2, surpassing the measure length of 1
WARNING  01op12d.ms3 -- Event 535 in MC 279 has has duration 1/2 and starts on 1, surpassing the measure length of 1
WARNING  01op12d.ms3 -- Event 536 in MC 279 has has duration 1/2 and starts on 1, surpassing the measure length of 1
WARNING  01op12d.ms3 -- Event 537 in MC 279 has has duration 1/2 and starts on 3/2, surpassing the measure length of 1
WARNING  01op12d.ms3 -- Event 538 in MC 279 has has duration 1/2 and starts on 3/2, surpassing the measure length of 1
WARNING  01op12d.ms3 -- Event 606 in MC 284 has has duration 1/2 and starts on 1, surpassing the measure length of 1
WARNING  01op12d.ms3 -- Event 607 in MC 284 has has duration 1/2 and starts on 1, surpassing the measure length of 1
WARNING  01op12d.ms3 -- Event 658 in MC 287 has has duration 1/2 and starts on 1, surpassing the measure length of 1
WARNING  01op12d.ms3 -- Event 659 in MC 287 has has duration 1/2 and starts on 1, surpassing the measure length of 1
WARNING  01op12d.ms3 -- Event 669 in MC 288 has has duration 1/12 and starts on 1, surpassing the measure length of 1
WARNING  01op12d.ms3 -- Event 670 in MC 288 has has duration 1/2 and starts on 1, surpassing the measure length of 1
WARNING  01op12d.ms3 -- Event 671 in MC 288 has has duration 1/12 and starts on 13/12, surpassing the measure length of 1
WARNING  01op12d.ms3 -- Event 672 in MC 288 has has duration 1/12 and starts on 7/6, surpassing the measure length of 1
WARNING  01op12d.ms3 -- Event 673 in MC 288 has has duration 1/12 and starts on 5/4, surpassing the measure length of 1
WARNING  01op12d.ms3 -- Event 674 in MC 288 has has duration 1/12 and starts on 4/3, surpassing the measure length of 1
WARNING  01op12d.ms3 -- Event 675 in MC 288 has has duration 1/12 and starts on 17/12, surpassing the measure length of 1
WARNING  01op12d.ms3 -- Event 676 in MC 288 has has duration 1/2 and starts on 3/2, surpassing the measure length of 1
WARNING  01op12d.ms3 -- Event 692 in MC 289 has has duration 1/2 and starts on 1, surpassing the measure length of 1
WARNING  01op12d.ms3 -- Event 693 in MC 289 has has duration 1/12 and starts on 1, surpassing the measure length of 1
WARNING  01op12d.ms3 -- Event 694 in MC 289 has has duration 1/12 and starts on 13/12, surpassing the measure length of 1
WARNING  01op12d.ms3 -- Event 695 in MC 289 has has duration 1/12 and starts on 7/6, surpassing the measure length of 1
WARNING  01op12d.ms3 -- Event 696 in MC 289 has has duration 1/12 and starts on 5/4, surpassing the measure length of 1
WARNING  01op12d.ms3 -- Event 697 in MC 289 has has duration 1/12 and starts on 4/3, surpassing the measure length of 1
WARNING  01op12d.ms3 -- Event 698 in MC 289 has has duration 1/12 and starts on 17/12, surpassing the measure length of 1
WARNING  01op12d.ms3 -- Event 699 in MC 289 has has duration 1/2 and starts on 3/2, surpassing the measure length of 1
WARNING  01op12d.ms3 -- Event 723 in MC 290 has has duration 1/2 and starts on 1, surpassing the measure length of 1
WARNING  01op12d.ms3 -- Event 724 in MC 290 has has duration 1/2 and starts on 3/2, surpassing the measure length of 1
WARNING  01op12d.ms3 -- Event 750 in MC 292 has has duration 1/2 and starts on 1, surpassing the measure length of 1
WARNING  01op12d.ms3 -- Event 751 in MC 292 has has duration 1/2 and starts on 3/2, surpassing the measure length of 1
WARNING  01op12d.ms3 -- Event 760 in MC 293 has has duration 1/2 and starts on 1, surpassing the measure length of 1
WARNING  01op12d.ms3 -- Event 761 in MC 293 has has duration 1/2 and starts on 1, surpassing the measure length of 1
WARNING  01op12d.ms3 -- Event 762 in MC 293 has has duration 1/2 and starts on 3/2, surpassing the measure length of 1
WARNING  01op12d.ms3 -- Event 763 in MC 293 has has duration 1/2 and starts on 3/2, surpassing the measure length of 1
WARNING  01op12d.ms3 -- Event 773 in MC 294 has has duration 1/2 and starts on 1, surpassing the measure length of 1
WARNING  01op12d.ms3 -- Event 774 in MC 294 has has duration 1/2 and starts on 1, surpassing the measure length of 1
WARNING  01op12d.ms3 -- Event 775 in MC 294 has has duration 1/2 and starts on 3/2, surpassing the measure length of 1
WARNING  01op12d.ms3 -- Event 776 in MC 294 has has duration 1/2 and starts on 3/2, surpassing the measure length of 1
WARNING  01op12d.ms3 -- Event 784 in MC 295 has has duration 1/8 and starts on 9/8, surpassing the measure length of 1
WARNING  01op12d.ms3 -- Event 785 in MC 295 has has duration 1/8 and starts on 5/4, surpassing the measure length of 1
WARNING  01op12d.ms3 -- Event 786 in MC 295 has has duration 1/8 and starts on 11/8, surpassing the measure length of 1
INFO     01op12d.ms3 -- Done parsing 01op12d.mscx

WARNING  01op12d.expand_labels -- The following chords could not be parsed:
      mc   mn onset  label
113   33   33   3/4  .Ger6
173   57   57     0  .Ger6
187   61   61     0  .Ger6
392  147  147     0  .Ger6
