INFO     05op44,3d.ms3 -- Attempting to parse 05op44,3d.mscx
WARNING  05op44,3d.ms3 -- Event 6684 in MC 281 has has duration 1/2 and starts on 1, surpassing the measure length of 1
WARNING  05op44,3d.ms3 -- Event 6699 in MC 282 has has duration 1/2 and starts on 1, surpassing the measure length of 1
WARNING  05op44,3d.ms3 -- Event 6700 in MC 282 has has duration 1/2 and starts on 3/2, surpassing the measure length of 1
WARNING  05op44,3d.ms3 -- Event 6715 in MC 283 has has duration 1/2 and starts on 1, surpassing the measure length of 1
WARNING  05op44,3d.ms3 -- Event 6716 in MC 283 has has duration 1/2 and starts on 3/2, surpassing the measure length of 1
INFO     05op44,3d.ms3 -- Done parsing 05op44,3d.mscx

WARNING  05op44,3d.expand_labels -- The following chords could not be parsed:
      mc   mn onset       label
ix                             
163   42   41   1/4       .bIII
205   59   58   1/2     .bIII64
206   60   59     0       .bIII
208   61   60     0  .bVII(b11)
209   61   60   1/4       .bVII
210   61   60   1/2     .bIII64
211   62   61     0       .bIII
214   63   62   3/4        .bVI
219   65   64   3/4        .bVI
224   67   66   3/4        .bVI
252   77   76     0  .bIII[bIII
255   78   77     0       .bIII
258   79   78     0      .bIII]
263   81   80     0  .bIII[bIII
266   82   81     0       .bIII
269   83   82     0      .bIII]
519  160  159     0      .bVII6
520  160  159   3/8       .bVII
523  161  160     0       .bVII
536  166  165   3/4    .bII/iii
550  170  169   3/4     .bII/vi
612  192  191   3/4    .Ger6/vi
