Warnings encountered during the last execution of ms3 review (v1.2.4)
=====================================================================

VOLTAS_WITH_DIFFERING_LENGTHS_WARNING (4, 80) ms3.Parse.mendelssohn_quartets.01op12b -- /usr/local/lib/python3.10/site-packages/ms3/bs4_measures.py (line 846) treat_group():
	Volta group of MC 80 contains voltas with different lengths: [3, 2] Check for correct computation of MNs and copy this message into an IGNORED_WARNINGS file to make the warning disappear.
INCORRECT_VOLTA_MN_WARNING (2, 83) ms3.Parse.mendelssohn_quartets.01op12b -- /usr/local/lib/python3.10/site-packages/ms3/bs4_measures.py (line 191) check_measure_numbers():
	MC 83, the 1st measure of a 2nd volta, should have MN 76, not MN 78.
INCORRECT_VOLTA_MN_WARNING (2, 84) ms3.Parse.mendelssohn_quartets.01op12b -- /usr/local/lib/python3.10/site-packages/ms3/bs4_measures.py (line 191) check_measure_numbers():
	MC 84, the 2nd measure of a 2nd volta, should have MN 77, not MN 78.
MCS_NOT_EXCLUDED_FROM_BARCOUNT_WARNING (1, 1) ms3.Parse.mendelssohn_quartets.02op13a -- /usr/local/lib/python3.10/site-packages/ms3/bs4_measures.py (line 204) check_measure_numbers():
	MC 1 seems to be offset from the MN's beginning but has not been excluded from barcount. Context:
	   mc  mn act_dur mc_offset  dont_count  numbering_offset
	0   1   1     1/8       5/8        <NA>              <NA>
	1   2   2     3/4         0        <NA>              <NA>
DCML_SEVENTH_CORD_WITH_ALTERED_SEVENTH_WARNING (18,) ms3.Parse.mendelssohn_quartets.03op44,1c -- /usr/local/lib/python3.10/site-packages/ms3/utils.py (line 4267) features2tpcs():
	MC 55: In seventh chords, such as viio65(7b3), it is not clear whether the 7 alters the 7 or replaces the 8 and should not be used.
Chord labels where the ratio of colored notes vs. all notes in a segment lies above 0.6:
                                          mc   mn mc_onset          label         chord_tones added_tones  n_colored  n_untouched  count_ratio
mendelssohn_quartets MS3/01op12a.mscx    139  137        0        iv6(64)           (1, 5, 2)          ()        2.0          1.0     0.666667
                     MS3/01op12a.mscx    207  205      1/4              V         (-2, 2, -1)          ()        2.0          1.0     0.666667
                     MS3/01op12a.mscx    213  211        0           iv64        (-3, -4, -7)          ()        7.0          4.0     0.636364
                     MS3/01op12d.mscx     93   93      3/4              i          (1, -2, 2)          ()        8.0          4.0     0.666667
                     MS3/01op12d.mscx    126  126      3/4             V2       (-2, 0, 4, 1)          ()        2.0          1.0     0.666667
                     MS3/01op12d.mscx    126  126      9/8            V43       (1, -2, 0, 4)          ()        3.0          0.0     1.000000
                     MS3/01op12d.mscx    127  127        0             i6         (-4, 0, -1)          ()        4.0          2.0     0.666667
                     MS3/01op12d.mscx    127  127      3/8         #viio6          (1, -2, 4)          ()        6.0          0.0     1.000000
                     MS3/01op12d.mscx    127  127      3/4             i6         (-4, 0, -1)          ()        5.0          3.0     0.625000
                     MS3/01op12d.mscx    127  127      9/8         #viio6          (1, -2, 4)          ()        9.0          0.0     1.000000
                     MS3/01op12d.mscx    128  128        0              i         (-1, -4, 0)          ()        7.0          3.0     0.700000
                     MS3/01op12d.mscx    128  128      3/8            V65       (4, 1, -2, 0)          ()        8.0          3.0     0.727273
                     MS3/01op12d.mscx    128  128      3/4              i         (-1, -4, 0)          ()        5.0          1.0     0.833333
                     MS3/01op12d.mscx    128  128      9/8          V(64)         (0, -1, -4)          ()        6.0          0.0     1.000000
                     MS3/01op12d.mscx    129  129        0            V43       (1, -2, 0, 4)          ()        5.0          1.0     0.833333
                     MS3/01op12d.mscx    129  129      5/8         #viio6          (1, -2, 4)          ()        3.0          0.0     1.000000
                     MS3/01op12d.mscx    130  130      5/8       ii65/III    (-5, -1, -4, -2)          ()        2.0          1.0     0.666667
                     MS3/01op12d.mscx    130  130        1         V2/III     (-5, -3, 1, -2)          ()        2.0          0.0     1.000000
                     MS3/01op12d.mscx    131  131      3/4          ii%65     (-2, -5, -1, 1)          ()       12.0          5.0     0.705882
                     MS3/01op12d.mscx    132  132        0          V(64)         (0, -1, -4)          ()        6.0          2.0     0.750000
                     MS3/01op12d.mscx    133  133        0            V43       (1, -2, 0, 4)          ()        5.0          1.0     0.833333
                     MS3/01op12d.mscx    133  133      3/4             i6         (-4, 0, -1)          ()        5.0          2.0     0.714286
                     MS3/01op12d.mscx    133  133      9/8            V43       (1, -2, 0, 4)          ()        3.0          1.0     0.750000
                     MS3/01op12d.mscx    133  133     11/8              i         (-1, -4, 0)          ()        2.0          1.0     0.666667
                     MS3/01op12d.mscx    204  204      9/8          #viio          (5, 2, -1)          ()       11.0          7.0     0.611111
                     MS3/01op12d.mscx    224  224      3/4             iv         (-1, -4, 0)          ()        4.0          2.0     0.666667
                     MS3/02op13a.mscx    145  144      1/2  #viio65(b8)/v        (6, 3, 0, 9)          ()        1.0          0.0     1.000000
                     MS3/02op13b.mscx     36   36      1/2           Ger6      (-2, 2, -1, 8)          ()        3.0          0.0     1.000000
                     MS3/02op13c.mscx     17   17        0          V(64)           (5, 4, 1)          ()        4.0          2.0     0.666667
                     MS3/02op13d.mscx     75   75      3/4         V43(9)        (6, 3, 5, 9)        (0,)        4.0          0.0     1.000000
                     MS3/02op13d.mscx    161  161        0              V           (5, 9, 6)          ()       20.0         12.0     0.625000
                     MS3/02op13d.mscx    197  197      1/4             VI         (-2, 2, -1)          ()        2.0          1.0     0.666667
                     MS3/02op13d.mscx    198  198      1/4            VI6         (2, -1, -2)          ()        6.0          2.0     0.750000
                     MS3/02op13d.mscx    365  365      1/4             VI          (-1, 3, 0)          ()        1.0          0.0     1.000000
                     MS3/02op13d.mscx    366  366      1/8           viio         (1, -2, -5)          ()        1.0          0.0     1.000000
                     MS3/03op44,1a.mscx   58   58        0          viio6           (5, 2, 8)          ()        8.0          5.0     0.615385
                     MS3/03op44,1a.mscx   59   59      1/2             I6           (7, 4, 3)          ()        2.0          1.0     0.666667
                     MS3/03op44,1a.mscx  134  134        0            IV6           (5, 2, 1)          ()        2.0          1.0     0.666667
                     MS3/03op44,1c.mscx    1    1      3/8             iv           (4, 1, 5)          ()        2.0          1.0     0.666667
                     MS3/03op44,1c.mscx    5    5      3/8             iv           (4, 1, 5)          ()        2.0          1.0     0.666667
                     MS3/03op44,1c.mscx   55   55      1/4        Ger6(7)       (1, 5, 2, 11)          ()        1.0          0.0     1.000000
                     MS3/03op44,1d.mscx   44   44        0             IV           (2, 6, 3)          ()        6.0          0.0     1.000000
                     MS3/03op44,1d.mscx  238  238        0        viio7/V       (8, 5, 2, -1)          ()        4.0          2.0     0.666667
                     MS3/03op44,1d.mscx  306  306      9/8         I6(+4)           (6, 3, 2)        (1,)        4.0          2.0     0.666667
                     MS3/04op44,2a.mscx    3    3        0        V2(9)/V       (4, 6, 10, 7)        (8,)        5.0          3.0     0.625000
                     MS3/04op44,2a.mscx   11   11        0        V2(9)/V       (4, 6, 10, 7)        (8,)        5.0          3.0     0.625000
                     MS3/04op44,2a.mscx  205  205        0        #viio65        (6, 3, 0, 9)          ()        5.0          0.0     1.000000
                     MS3/04op44,2a.mscx  205  205      1/2           ii%7        (6, 3, 0, 4)          ()        1.0          0.0     1.000000
                     MS3/04op44,2a.mscx  205  205      3/4        #viio65        (6, 3, 0, 9)          ()        2.0          0.0     1.000000
                     MS3/04op44,2b.mscx   61   61      3/8        ii6(#7)          (5, 9, 13)          ()        3.0          0.0     1.000000
                     MS3/04op44,2b.mscx   63   63      3/8        Fr6(#2)       (2, 6, 8, 17)          ()        2.0          1.0     0.666667
                     MS3/04op44,2d.mscx  120  120      3/8        iio6/ii          (2, -1, 5)          ()        2.0          1.0     0.666667
                     MS3/04op44,2d.mscx  368  368      1/2            V64           (6, 5, 9)          ()        2.0          1.0     0.666667
                     MS3/05op44,3a.mscx  178  176      1/4             vi          (0, -3, 1)          ()        2.0          1.0     0.666667
                     MS3/05op44,3a.mscx  180  178      1/4             vi          (0, -3, 1)          ()        2.0          1.0     0.666667
                     MS3/05op44,3a.mscx  198  196      1/2            ii7     (-1, -4, 0, -3)          ()        2.0          1.0     0.666667
                     MS3/05op44,3a.mscx  200  198      3/4            ii6         (-4, 0, -1)          ()        3.0          1.0     0.750000
                     MS3/05op44,3b.mscx  284  282        0          #viio          (5, 2, -1)          ()       16.0          8.0     0.666667
                     MS3/05op44,3c.mscx    2    2      1/4       I(#8b64)        (-4, -5, -8)          ()        1.0          0.0     1.000000
                     MS3/05op44,3c.mscx   10   10      1/4       I(#8b64)        (-4, -5, -8)          ()        1.0          0.0     1.000000
                     MS3/05op44,3c.mscx   19   19      1/8       I(#8b64)        (-4, -5, -8)          ()        3.0          0.0     1.000000
                     MS3/05op44,3c.mscx  107  107      1/4      viio65/ii  (-7, -10, -13, -4)          ()       11.0          0.0     1.000000
                     MS3/05op44,3d.mscx   87   86      1/2      I64(#4#2)          (4, -2, 7)          ()        5.0          2.0     0.714286
                     MS3/05op44,3d.mscx  132  131      1/4             vi          (0, -3, 1)          ()        4.0          1.0     0.800000
                     MS3/05op44,3d.mscx  132  131      1/2             ii         (-1, -4, 0)          ()        4.0          1.0     0.800000
                     MS3/05op44,3d.mscx  207  206        0              I         (-3, 1, -2)          ()        4.0          2.0     0.666667
                     MS3/05op44,3d.mscx  211  210        0              I         (-3, 1, -2)          ()        4.0          2.0     0.666667
                     MS3/05op44,3d.mscx  212  211        0              I         (-3, 1, -2)          ()        4.0          2.0     0.666667
                     MS3/05op44,3d.mscx  285  284      1/2            ii6         (-4, 0, -1)          ()        5.0          1.0     0.833333
                     MS3/06op80a.mscx     24   24      5/8            iv6        (-5, -1, -2)          ()        2.0          1.0     0.666667
                     MS3/06op80a.mscx     28   28      5/8            iv6        (-5, -1, -2)          ()        4.0          2.0     0.666667
                     MS3/06op80a.mscx    173  173      5/8            iv6        (-5, -1, -2)          ()        2.0          1.0     0.666667
                     MS3/06op80a.mscx    177  177      5/8            iv6        (-5, -1, -2)          ()        4.0          2.0     0.666667
                     MS3/06op80a.mscx    236  236      1/4          V(64)          (0, -1, 3)          ()        2.0          1.0     0.666667
                     MS3/06op80c.mscx     91   90     7/16             VI          (-1, 3, 0)          ()        1.0          0.0     1.000000
                     MS3/06op80d.mscx     89   89        0            bVI        (-8, -4, -7)          ()        4.0          2.0     0.666667
                     MS3/06op80d.mscx     90   90        0         V7/bVI    (-7, -3, -6, -9)          ()        4.0          2.0     0.666667
                     MS3/06op80d.mscx     91   91        0            bVI        (-8, -4, -7)          ()        9.0          3.0     0.750000
                     MS3/06op80d.mscx    224  224        0          viio2     (-9, 0, -3, -6)          ()        5.0          3.0     0.625000
